TN:
SF:src/store/useStore.ts
FN:11,(anonymous_0)
FN:14,(anonymous_1)
FN:18,(anonymous_2)
FN:38,(anonymous_3)
FN:41,(anonymous_4)
FN:52,(anonymous_5)
FN:69,(anonymous_6)
FN:86,(anonymous_7)
FN:103,(anonymous_8)
FN:111,(anonymous_9)
FN:118,(anonymous_10)
FNF:11
FNH:10
FNDA:65,(anonymous_0)
FNDA:2,(anonymous_1)
FNDA:0,(anonymous_2)
FNDA:2,(anonymous_3)
FNDA:22,(anonymous_4)
FNDA:19,(anonymous_5)
FNDA:11,(anonymous_6)
FNDA:16,(anonymous_7)
FNDA:4,(anonymous_8)
FNDA:4,(anonymous_9)
FNDA:2,(anonymous_10)
DA:1,2
DA:2,2
DA:4,2
DA:7,2
DA:10,2
DA:12,65
DA:15,2
DA:16,2
DA:19,0
DA:36,2
DA:38,2
DA:42,22
DA:49,22
DA:53,19
DA:54,19
DA:56,18
DA:58,18
DA:70,11
DA:71,11
DA:73,10
DA:75,10
DA:87,16
DA:88,16
DA:90,15
DA:92,15
DA:104,4
DA:105,4
DA:107,3
DA:108,3
DA:112,4
DA:113,4
DA:118,2
LF:32
LH:31
BRDA:16,0,0,2
BRDA:16,0,1,2
BRDA:54,1,0,1
BRDA:54,1,1,18
BRDA:56,2,0,18
BRDA:56,2,1,16
BRDA:71,3,0,1
BRDA:71,3,1,10
BRDA:73,4,0,10
BRDA:73,4,1,2
BRDA:88,5,0,1
BRDA:88,5,1,15
BRDA:90,6,0,15
BRDA:90,6,1,6
BRDA:105,7,0,1
BRDA:105,7,1,3
BRDA:108,8,0,3
BRDA:108,8,1,1
BRF:18
BRH:18
end_of_record
TN:
SF:src/utils/dataAnalysis.ts
FN:10,(anonymous_0)
FN:11,(anonymous_1)
FN:15,(anonymous_2)
FN:22,(anonymous_3)
FN:31,(anonymous_4)
FN:43,(anonymous_5)
FN:48,(anonymous_6)
FN:61,(anonymous_7)
FN:62,(anonymous_8)
FN:69,(anonymous_9)
FN:74,(anonymous_10)
FN:80,(anonymous_11)
FN:103,(anonymous_12)
FN:118,(anonymous_13)
FN:138,(anonymous_14)
FN:165,(anonymous_15)
FN:167,(anonymous_16)
FN:168,(anonymous_17)
FN:193,(anonymous_18)
FN:203,(anonymous_19)
FN:204,(anonymous_20)
FN:205,(anonymous_21)
FNF:22
FNH:22
FNDA:10,(anonymous_0)
FNDA:33,(anonymous_1)
FNDA:28,(anonymous_2)
FNDA:11,(anonymous_3)
FNDA:34,(anonymous_4)
FNDA:6,(anonymous_5)
FNDA:30,(anonymous_6)
FNDA:4,(anonymous_7)
FNDA:9,(anonymous_8)
FNDA:7,(anonymous_9)
FNDA:7,(anonymous_10)
FNDA:10,(anonymous_11)
FNDA:17,(anonymous_12)
FNDA:5,(anonymous_13)
FNDA:28,(anonymous_14)
FNDA:9,(anonymous_15)
FNDA:35,(anonymous_16)
FNDA:27,(anonymous_17)
FNDA:7,(anonymous_18)
FNDA:18,(anonymous_19)
FNDA:18,(anonymous_20)
FNDA:18,(anonymous_21)
DA:10,1
DA:11,33
DA:13,10
DA:15,28
DA:16,8
DA:22,1
DA:23,11
DA:31,11
DA:32,34
DA:33,29
DA:37,11
DA:43,1
DA:44,6
DA:45,6
DA:46,6
DA:48,6
DA:49,30
DA:50,4
DA:51,4
DA:55,6
DA:61,1
DA:62,9
DA:64,4
DA:66,2
DA:67,2
DA:69,2
DA:70,7
DA:71,7
DA:74,7
DA:80,1
DA:81,10
DA:83,10
DA:84,9
DA:87,10
DA:88,6
DA:92,10
DA:93,7
DA:94,7
DA:97,10
DA:103,1
DA:104,17
DA:112,17
DA:118,1
DA:119,5
DA:121,5
DA:123,4
DA:124,4
DA:126,4
DA:127,28
DA:128,28
DA:129,28
DA:132,4
DA:138,1
DA:140,28
DA:141,28
DA:143,28
DA:144,84
DA:145,47
DA:147,84
DA:148,28
DA:153,28
DA:154,28
DA:155,28
DA:158,18
DA:159,18
DA:165,1
DA:166,9
DA:167,35
DA:168,27
DA:170,9
DA:172,7
DA:173,7
DA:175,7
DA:176,24
DA:177,24
DA:179,24
DA:180,8
DA:183,7
DA:185,7
DA:186,3
DA:187,2
DA:193,1
DA:199,7
DA:200,1
DA:203,18
DA:204,18
DA:205,18
DA:207,6
DA:208,6
DA:209,6
DA:211,6
LF:91
LH:91
BRDA:13,0,0,2
BRDA:13,0,1,8
BRDA:32,1,0,29
BRDA:32,1,1,5
BRDA:49,2,0,4
BRDA:49,2,1,26
BRDA:55,3,0,4
BRDA:55,3,1,2
BRDA:64,4,0,2
BRDA:64,4,1,2
BRDA:67,5,0,0
BRDA:67,5,1,2
BRDA:83,6,0,9
BRDA:83,6,1,1
BRDA:87,7,0,6
BRDA:87,7,1,4
BRDA:92,8,0,7
BRDA:92,8,1,3
BRDA:118,9,0,1
BRDA:121,10,0,1
BRDA:121,10,1,4
BRDA:144,11,0,47
BRDA:144,11,1,37
BRDA:144,12,0,84
BRDA:144,12,1,47
BRDA:144,12,2,19
BRDA:147,13,0,28
BRDA:147,13,1,56
BRDA:147,14,0,84
BRDA:147,14,1,47
BRDA:147,14,2,19
BRDA:153,15,0,0
BRDA:153,15,1,28
BRDA:153,16,0,0
BRDA:153,16,1,0
BRDA:154,17,0,0
BRDA:154,17,1,28
BRDA:155,18,0,10
BRDA:155,18,1,18
BRDA:170,19,0,2
BRDA:170,19,1,7
BRDA:179,20,0,16
BRDA:179,20,1,8
BRDA:180,21,0,7
BRDA:180,21,1,1
BRDA:185,22,0,4
BRDA:185,22,1,3
BRDA:186,23,0,1
BRDA:186,23,1,2
BRDA:199,24,0,1
BRDA:199,24,1,6
BRDA:212,25,0,6
BRDA:212,25,1,0
BRF:53
BRH:47
end_of_record
TN:
SF:src/utils/dateUtils.ts
FN:8,(anonymous_0)
FN:15,(anonymous_1)
FN:28,(anonymous_2)
FN:37,(anonymous_3)
FN:52,(anonymous_4)
FN:62,(anonymous_5)
FNF:6
FNH:6
FNDA:7,(anonymous_0)
FNDA:8,(anonymous_1)
FNDA:406,(anonymous_2)
FNDA:400,(anonymous_3)
FNDA:12,(anonymous_4)
FNDA:9,(anonymous_5)
DA:8,1
DA:9,7
DA:15,1
DA:16,8
DA:17,8
DA:28,1
DA:29,406
DA:30,406
DA:31,406
DA:37,1
DA:38,400
DA:39,400
DA:41,391
DA:42,391
DA:43,391
DA:45,2
DA:52,1
DA:53,12
DA:54,12
DA:55,12
DA:56,12
DA:62,1
DA:63,9
DA:64,9
DA:65,401
DA:67,9
LF:26
LH:26
BRDA:39,0,0,9
BRDA:39,0,1,391
BRF:2
BRH:2
end_of_record
